Build started 2016/3/21 19:09:42.
     1>Project "H:\expression\svm_train\svm_train\svm_train.vcxproj" on node 2 (build target(s)).
     1>InitializeBuildStatus:
         Creating "Debug\svm_train.unsuccessfulbuild" because "AlwaysCreate" was specified.
       ClCompile:
         D:\vc10.0\VC\bin\CL.exe /c /ZI /nologo /W3 /WX- /Od /Oy- /D WIN32 /D _DEBUG /D _CONSOLE /D _UNICODE /D UNICODE /Gm /EHsc /RTC1 /MDd /GS /fp:precise /Zc:wchar_t /Zc:forScope /Fo"Debug\\" /Fd"Debug\vc100.pdb" /Gd /TP /analyze- /errorReport:prompt main.cpp
         main.cpp
       ManifestResourceCompile:
         All outputs are up-to-date.
       Link:
         D:\vc10.0\VC\bin\link.exe /ERRORREPORT:PROMPT /OUT:"H:\expression\svm_train\Debug\svm_train.exe" /INCREMENTAL /NOLOGO opencv_calib3d231.lib opencv_contrib231.lib opencv_core231.lib opencv_features2d231.lib opencv_flann231.lib opencv_gpu231.lib opencv_highgui231.lib opencv_imgproc231.lib opencv_legacy231.lib opencv_ml231.lib opencv_objdetect231.lib opencv_ts231.lib opencv_video231.lib kernel32.lib user32.lib gdi32.lib winspool.lib comdlg32.lib advapi32.lib shell32.lib ole32.lib oleaut32.lib uuid.lib odbc32.lib odbccp32.lib /MANIFEST /ManifestFile:"Debug\svm_train.exe.intermediate.manifest" /MANIFESTUAC:"level='asInvoker' uiAccess='false'" /DEBUG /PDB:"H:\expression\svm_train\Debug\svm_train.pdb" /SUBSYSTEM:CONSOLE /TLBID:1 /DYNAMICBASE /NXCOMPAT /IMPLIB:"H:\expression\svm_train\Debug\svm_train.lib" /MACHINE:X86 Debug\svm_train.exe.embed.manifest.res
         Debug\main.obj
       Manifest:
         C:\Program Files\Microsoft SDKs\Windows\v7.0A\bin\mt.exe /nologo /verbose /out:"Debug\svm_train.exe.embed.manifest" /manifest Debug\svm_train.exe.intermediate.manifest
         All outputs are up-to-date.
       LinkEmbedManifest:
         All outputs are up-to-date.
         svm_train.vcxproj -> H:\expression\svm_train\Debug\svm_train.exe
       FinalizeBuildStatus:
         Deleting file "Debug\svm_train.unsuccessfulbuild".
         Touching "Debug\svm_train.lastbuildstate".
     1>Done Building Project "H:\expression\svm_train\svm_train\svm_train.vcxproj" (build target(s)).

Build succeeded.

Time Elapsed 00:00:01.89
